[debug] [2026-01-07T05:42:19.116Z] ----------------------------------------------------------------------
[debug] [2026-01-07T05:42:19.122Z] Command:       /opt/homebrew/Cellar/node/24.9.0_1/bin/node /opt/homebrew/bin/firebase init hosting
[debug] [2026-01-07T05:42:19.122Z] CLI Version:   14.19.1
[debug] [2026-01-07T05:42:19.122Z] Platform:      darwin
[debug] [2026-01-07T05:42:19.122Z] Node Version:  v24.9.0
[debug] [2026-01-07T05:42:19.122Z] Time:          Wed Jan 07 2026 08:42:19 GMT+0300 (East Africa Time)
[debug] [2026-01-07T05:42:19.122Z] ----------------------------------------------------------------------
[debug] 
[debug] [2026-01-07T05:42:19.123Z] >>> [apiv2][query] GET https://firebase-public.firebaseio.com/cli.json [none]
[info] 
     ######## #### ########  ######## ########     ###     ######  ########
     ##        ##  ##     ## ##       ##     ##  ##   ##  ##       ##
     ######    ##  ########  ######   ########  #########  ######  ######
     ##        ##  ##    ##  ##       ##     ## ##     ##       ## ##
     ##       #### ##     ## ######## ########  ##     ##  ######  ########

You're about to initialize a Firebase project in this directory:

  /Users/tony/Development/flutterprojects/kd

Before we get started, keep in mind:

  * You are initializing within an existing Firebase project directory

[info] 
=== Project Setup
[info] 
[info] First, let's associate this project directory with a Firebase project.
[info] You can create multiple project aliases by running firebase use --add, 
[info] 
[debug] [2026-01-07T05:42:20.013Z] <<< [apiv2][status] GET https://firebase-public.firebaseio.com/cli.json 200
[debug] [2026-01-07T05:42:20.013Z] <<< [apiv2][body] GET https://firebase-public.firebaseio.com/cli.json {"cloudBuildErrorAfter":1594252800000,"cloudBuildWarnAfter":1590019200000,"defaultNode10After":1594252800000,"minVersion":"3.0.5","node8DeploysDisabledAfter":1613390400000,"node8RuntimeDisabledAfter":1615809600000,"node8WarnAfter":1600128000000}
[info] i  If you want to create a project in a Google Cloud organization or folder, please use "firebase projects:create" instead, and return to this command when you've created the project. 
[debug] [2026-01-07T05:42:40.540Z] > command requires scopes: ["email","openid","https://www.googleapis.com/auth/cloudplatformprojects.readonly","https://www.googleapis.com/auth/firebase","https://www.googleapis.com/auth/cloud-platform"]
[debug] [2026-01-07T05:42:40.540Z] > authorizing via signed-in user (tonystarkmbs001@gmail.com)
[debug] [2026-01-07T05:43:16.638Z] Checked if tokens are valid: false, expires at: 1761297636282
[debug] [2026-01-07T05:43:16.638Z] Checked if tokens are valid: false, expires at: 1761297636282
[debug] [2026-01-07T05:43:16.639Z] > refreshing access token with scopes: []
[debug] [2026-01-07T05:43:16.642Z] >>> [apiv2][query] POST https://www.googleapis.com/oauth2/v3/token [none]
[debug] [2026-01-07T05:43:16.642Z] >>> [apiv2][body] POST https://www.googleapis.com/oauth2/v3/token [omitted]
[debug] [2026-01-07T05:43:17.176Z] <<< [apiv2][status] POST https://www.googleapis.com/oauth2/v3/token 200
[debug] [2026-01-07T05:43:17.177Z] <<< [apiv2][body] POST https://www.googleapis.com/oauth2/v3/token [omitted]
[debug] [2026-01-07T05:43:17.190Z] >>> [apiv2][query] POST https://firebase.googleapis.com/v1/projects:checkProjectId [none]
[debug] [2026-01-07T05:43:17.191Z] >>> [apiv2][body] POST https://firebase.googleapis.com/v1/projects:checkProjectId {"proposedId":"kenyadictionary"}
[debug] [2026-01-07T05:43:18.124Z] <<< [apiv2][status] POST https://firebase.googleapis.com/v1/projects:checkProjectId 200
[debug] [2026-01-07T05:43:18.124Z] <<< [apiv2][body] POST https://firebase.googleapis.com/v1/projects:checkProjectId {"projectIdStatus":"PROJECT_ID_AVAILABLE","suggestedProjectId":"kenyadictionary"}
[debug] [2026-01-07T05:43:27.703Z] Checked if tokens are valid: true, expires at: 1767768196177
[debug] [2026-01-07T05:43:27.703Z] Checked if tokens are valid: true, expires at: 1767768196177
[debug] [2026-01-07T05:43:27.704Z] >>> [apiv2][query] POST https://cloudresourcemanager.googleapis.com/v1/projects [none]
[debug] [2026-01-07T05:43:27.704Z] >>> [apiv2][body] POST https://cloudresourcemanager.googleapis.com/v1/projects {"projectId":"kenyadictionary","name":"kenyadictionary"}
[debug] [2026-01-07T05:43:29.993Z] <<< [apiv2][status] POST https://cloudresourcemanager.googleapis.com/v1/projects 200
[debug] [2026-01-07T05:43:29.994Z] <<< [apiv2][body] POST https://cloudresourcemanager.googleapis.com/v1/projects {"name":"operations/create_project.global.5327307940227321185"}
[debug] [2026-01-07T05:43:29.995Z] Checked if tokens are valid: true, expires at: 1767768196177
[debug] [2026-01-07T05:43:29.995Z] Checked if tokens are valid: true, expires at: 1767768196177
[debug] [2026-01-07T05:43:29.995Z] >>> [apiv2][query] GET https://cloudresourcemanager.googleapis.com/v1/operations/create_project.global.5327307940227321185 [none]
[debug] [2026-01-07T05:43:31.325Z] <<< [apiv2][status] GET https://cloudresourcemanager.googleapis.com/v1/operations/create_project.global.5327307940227321185 200
[debug] [2026-01-07T05:43:31.325Z] <<< [apiv2][body] GET https://cloudresourcemanager.googleapis.com/v1/operations/create_project.global.5327307940227321185 {"name":"operations/create_project.global.5327307940227321185"}
[debug] [2026-01-07T05:43:31.826Z] [Project Creation Poller] Retrying task index 0
[debug] [2026-01-07T05:43:31.826Z] Checked if tokens are valid: true, expires at: 1767768196177
[debug] [2026-01-07T05:43:31.826Z] Checked if tokens are valid: true, expires at: 1767768196177
[debug] [2026-01-07T05:43:31.827Z] >>> [apiv2][query] GET https://cloudresourcemanager.googleapis.com/v1/operations/create_project.global.5327307940227321185 [none]
[debug] [2026-01-07T05:43:32.269Z] <<< [apiv2][status] GET https://cloudresourcemanager.googleapis.com/v1/operations/create_project.global.5327307940227321185 200
[debug] [2026-01-07T05:43:32.269Z] <<< [apiv2][body] GET https://cloudresourcemanager.googleapis.com/v1/operations/create_project.global.5327307940227321185 {"name":"operations/create_project.global.5327307940227321185","metadata":{"@type":"type.googleapis.com/google.cloudresourcemanager.v1.ProjectCreationStatus","gettable":true,"ready":true},"done":true,"response":{"@type":"type.googleapis.com/google.cloudresourcemanager.v1.Project","projectNumber":"560616907534","projectId":"kenyadictionary","lifecycleState":"ACTIVE","name":"kenyadictionary","createTime":"2026-01-07T05:43:31.625434Z"}}
[debug] [2026-01-07T05:43:32.270Z] Checked if tokens are valid: true, expires at: 1767768196177
[debug] [2026-01-07T05:43:32.270Z] Checked if tokens are valid: true, expires at: 1767768196177
[debug] [2026-01-07T05:43:32.271Z] >>> [apiv2][query] POST https://firebase.googleapis.com/v1beta1/projects/kenyadictionary:addFirebase [none]
[debug] [2026-01-07T05:43:36.672Z] <<< [apiv2][status] POST https://firebase.googleapis.com/v1beta1/projects/kenyadictionary:addFirebase 200
[debug] [2026-01-07T05:43:36.672Z] <<< [apiv2][body] POST https://firebase.googleapis.com/v1beta1/projects/kenyadictionary:addFirebase {"name":"operations/workflows/YmUxNTVmYTctNjkwOC00Y2M5LThlYjktZTk1YTgzYzAzMGM4"}
[debug] [2026-01-07T05:43:36.672Z] Checked if tokens are valid: true, expires at: 1767768196177
[debug] [2026-01-07T05:43:36.672Z] Checked if tokens are valid: true, expires at: 1767768196177
[debug] [2026-01-07T05:43:36.672Z] >>> [apiv2][query] GET https://firebase.googleapis.com/v1beta1/operations/workflows/YmUxNTVmYTctNjkwOC00Y2M5LThlYjktZTk1YTgzYzAzMGM4 [none]
[debug] [2026-01-07T05:43:37.615Z] <<< [apiv2][status] GET https://firebase.googleapis.com/v1beta1/operations/workflows/YmUxNTVmYTctNjkwOC00Y2M5LThlYjktZTk1YTgzYzAzMGM4 200
[debug] [2026-01-07T05:43:37.616Z] <<< [apiv2][body] GET https://firebase.googleapis.com/v1beta1/operations/workflows/YmUxNTVmYTctNjkwOC00Y2M5LThlYjktZTk1YTgzYzAzMGM4 {"name":"operations/workflows/YmUxNTVmYTctNjkwOC00Y2M5LThlYjktZTk1YTgzYzAzMGM4"}
[debug] [2026-01-07T05:43:38.124Z] [Add Firebase Poller] Retrying task index 0
[debug] [2026-01-07T05:43:38.124Z] Checked if tokens are valid: true, expires at: 1767768196177
[debug] [2026-01-07T05:43:38.124Z] Checked if tokens are valid: true, expires at: 1767768196177
[debug] [2026-01-07T05:43:38.124Z] >>> [apiv2][query] GET https://firebase.googleapis.com/v1beta1/operations/workflows/YmUxNTVmYTctNjkwOC00Y2M5LThlYjktZTk1YTgzYzAzMGM4 [none]
[debug] [2026-01-07T05:43:39.091Z] <<< [apiv2][status] GET https://firebase.googleapis.com/v1beta1/operations/workflows/YmUxNTVmYTctNjkwOC00Y2M5LThlYjktZTk1YTgzYzAzMGM4 200
[debug] [2026-01-07T05:43:39.091Z] <<< [apiv2][body] GET https://firebase.googleapis.com/v1beta1/operations/workflows/YmUxNTVmYTctNjkwOC00Y2M5LThlYjktZTk1YTgzYzAzMGM4 {"name":"operations/workflows/YmUxNTVmYTctNjkwOC00Y2M5LThlYjktZTk1YTgzYzAzMGM4"}
[debug] [2026-01-07T05:43:40.092Z] [Add Firebase Poller] Retrying task index 0
[debug] [2026-01-07T05:43:40.093Z] Checked if tokens are valid: true, expires at: 1767768196177
[debug] [2026-01-07T05:43:40.093Z] Checked if tokens are valid: true, expires at: 1767768196177
[debug] [2026-01-07T05:43:40.093Z] >>> [apiv2][query] GET https://firebase.googleapis.com/v1beta1/operations/workflows/YmUxNTVmYTctNjkwOC00Y2M5LThlYjktZTk1YTgzYzAzMGM4 [none]
[debug] [2026-01-07T05:43:41.922Z] <<< [apiv2][status] GET https://firebase.googleapis.com/v1beta1/operations/workflows/YmUxNTVmYTctNjkwOC00Y2M5LThlYjktZTk1YTgzYzAzMGM4 200
[debug] [2026-01-07T05:43:41.922Z] <<< [apiv2][body] GET https://firebase.googleapis.com/v1beta1/operations/workflows/YmUxNTVmYTctNjkwOC00Y2M5LThlYjktZTk1YTgzYzAzMGM4 {"name":"operations/workflows/YmUxNTVmYTctNjkwOC00Y2M5LThlYjktZTk1YTgzYzAzMGM4"}
[debug] [2026-01-07T05:43:43.923Z] [Add Firebase Poller] Retrying task index 0
[debug] [2026-01-07T05:43:43.923Z] Checked if tokens are valid: true, expires at: 1767768196177
[debug] [2026-01-07T05:43:43.923Z] Checked if tokens are valid: true, expires at: 1767768196177
[debug] [2026-01-07T05:43:43.923Z] >>> [apiv2][query] GET https://firebase.googleapis.com/v1beta1/operations/workflows/YmUxNTVmYTctNjkwOC00Y2M5LThlYjktZTk1YTgzYzAzMGM4 [none]
[debug] [2026-01-07T05:43:45.523Z] <<< [apiv2][status] GET https://firebase.googleapis.com/v1beta1/operations/workflows/YmUxNTVmYTctNjkwOC00Y2M5LThlYjktZTk1YTgzYzAzMGM4 200
[debug] [2026-01-07T05:43:45.523Z] <<< [apiv2][body] GET https://firebase.googleapis.com/v1beta1/operations/workflows/YmUxNTVmYTctNjkwOC00Y2M5LThlYjktZTk1YTgzYzAzMGM4 {"name":"operations/workflows/YmUxNTVmYTctNjkwOC00Y2M5LThlYjktZTk1YTgzYzAzMGM4","done":true,"response":{"@type":"type.googleapis.com/google.firebase.service.v1beta1.FirebaseProject","projectId":"kenyadictionary","projectNumber":"560616907534","displayName":"kenyadictionary","name":"projects/kenyadictionary","resources":{"hostingSite":"kenyadictionary"}}}
[info] 
[info] 🎉🎉🎉 Your Firebase project is ready! 🎉🎉🎉
[info] 
[info] Project information:
[info]    - Project ID: kenyadictionary
[info]    - Project Name: kenyadictionary
[info] 
[info] Firebase console is available at
[info] https://console.firebase.google.com/project/kenyadictionary/overview
[info] 
=== Hosting Setup
[debug] [2026-01-07T05:43:49.573Z] Checked if tokens are valid: true, expires at: 1767768196177
[debug] [2026-01-07T05:43:49.574Z] Checked if tokens are valid: true, expires at: 1767768196177
[debug] [2026-01-07T05:43:49.574Z] >>> [apiv2][query] GET https://firebase.googleapis.com/v1beta1/projects/kenyadictionary [none]
[debug] [2026-01-07T05:43:50.769Z] <<< [apiv2][status] GET https://firebase.googleapis.com/v1beta1/projects/kenyadictionary 200
[debug] [2026-01-07T05:43:50.770Z] <<< [apiv2][body] GET https://firebase.googleapis.com/v1beta1/projects/kenyadictionary {"projectId":"kenyadictionary","projectNumber":"560616907534","displayName":"kenyadictionary","name":"projects/kenyadictionary","resources":{"hostingSite":"kenyadictionary"},"state":"ACTIVE","etag":"1_c526a01a-944d-4595-b057-e25d1425cf98"}
[info] 
[info] Your public directory is the folder (relative to your project directory) that
[info] will contain Hosting assets to be uploaded with firebase deploy. If you
[info] have a build process for your assets, use your build's output directory.
[info] 
[debug] [2026-01-07T05:54:15.017Z] >>> [apiv2][query] GET https://www.gstatic.com/firebasejs/releases.json [none]
[debug] [2026-01-07T05:54:15.612Z] <<< [apiv2][status] GET https://www.gstatic.com/firebasejs/releases.json 200
[debug] [2026-01-07T05:54:15.612Z] <<< [apiv2][body] GET https://www.gstatic.com/firebasejs/releases.json {"current":{"version":"12.7.0","browserURL":"https://www.gstatic.com/firebasejs/12.7.0/firebase.js","packageURL":"https://www.gstatic.com/firebasejs/12.7.0/firebase.tgz"},"live":{"version":"12.7","browserURL":"https://www.gstatic.com/firebasejs/live/12.7/firebase.js","packageURL":"https://www.gstatic.com/firebasejs/live/12.7/firebase.tgz"},"components":{"ai":"https://www.gstatic.com/firebasejs/12.7.0/firebase-ai.js","analytics":"https://www.gstatic.com/firebasejs/12.7.0/firebase-analytics.js","app":"https://www.gstatic.com/firebasejs/12.7.0/firebase-app.js","app-check":"https://www.gstatic.com/firebasejs/12.7.0/firebase-app-check.js","auth":"https://www.gstatic.com/firebasejs/12.7.0/firebase-auth.js","auth/cordova":"https://www.gstatic.com/firebasejs/12.7.0/firebase-auth/cordova.js","auth/web-extension":"https://www.gstatic.com/firebasejs/12.7.0/firebase-auth/web-extension.js","functions":"https://www.gstatic.com/firebasejs/12.7.0/firebase-functions.js","firestore":"https://www.gstatic.com/firebasejs/12.7.0/firebase-firestore.js","firestore/lite":"https://www.gstatic.com/firebasejs/12.7.0/firebase-firestore/lite.js","installations":"https://www.gstatic.com/firebasejs/12.7.0/firebase-installations.js","storage":"https://www.gstatic.com/firebasejs/12.7.0/firebase-storage.js","performance":"https://www.gstatic.com/firebasejs/12.7.0/firebase-performance.js","remote-config":"https://www.gstatic.com/firebasejs/12.7.0/firebase-remote-config.js","messaging":"https://www.gstatic.com/firebasejs/12.7.0/firebase-messaging.js","messaging/sw":"https://www.gstatic.com/firebasejs/12.7.0/firebase-messaging/sw.js","database":"https://www.gstatic.com/firebasejs/12.7.0/firebase-database.js","data-connect":"https://www.gstatic.com/firebasejs/12.7.0/firebase-data-connect.js","firestore.memory":"https://www.gstatic.com/firebasejs/12.7.0/firebase-firestore.memory.js"}}
[info] ✔  Wrote build/web/index.html 
[info] 
[info] i  Didn't detect a .git folder. Assuming /Users/tony/Development/flutterprojects/kd is the project root. 
[info] i  Authorizing with GitHub to upload your service account to a GitHub repository's secrets store. 
[info] 
[info] Visit this URL on this device to log in:
[info] https://github.com/login/oauth/authorize?client_id=89cf50f02ac6aaed3484&state=1040988865&redirect_uri=http%3A%2F%2Flocalhost%3A9005&scope=read%3Auser%20repo%20public_repo
[info] 
[info] Waiting for authentication...
[debug] [2026-01-07T05:55:28.602Z] >>> [apiv2][query] POST https://github.com/login/oauth/access_token [none]
[debug] [2026-01-07T05:55:28.603Z] >>> [apiv2][body] POST https://github.com/login/oauth/access_token [stream]
[debug] [2026-01-07T05:55:29.662Z] <<< [apiv2][status] POST https://github.com/login/oauth/access_token 200
[debug] [2026-01-07T05:55:29.662Z] <<< [apiv2][body] POST https://github.com/login/oauth/access_token {"access_token":"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","token_type":"bearer","scope":"read:user,repo"}
[debug] [2026-01-07T05:55:29.669Z] >>> [apiv2][query] GET https://api.github.com/user [none]
[debug] [2026-01-07T05:55:30.861Z] <<< [apiv2][status] GET https://api.github.com/user 200
[debug] [2026-01-07T05:55:30.861Z] <<< [apiv2][body] GET https://api.github.com/user {"login":"antonymwakiacha","id":32272097,"node_id":"MDQ6VXNlcjMyMjcyMDk3","avatar_url":"https://avatars.githubusercontent.com/u/32272097?v=4","gravatar_id":"","url":"https://api.github.com/users/antonymwakiacha","html_url":"https://github.com/antonymwakiacha","followers_url":"https://api.github.com/users/antonymwakiacha/followers","following_url":"https://api.github.com/users/antonymwakiacha/following{/other_user}","gists_url":"https://api.github.com/users/antonymwakiacha/gists{/gist_id}","starred_url":"https://api.github.com/users/antonymwakiacha/starred{/owner}{/repo}","subscriptions_url":"https://api.github.com/users/antonymwakiacha/subscriptions","organizations_url":"https://api.github.com/users/antonymwakiacha/orgs","repos_url":"https://api.github.com/users/antonymwakiacha/repos","events_url":"https://api.github.com/users/antonymwakiacha/events{/privacy}","received_events_url":"https://api.github.com/users/antonymwakiacha/received_events","type":"User","user_view_type":"private","site_admin":false,"name":null,"company":null,"blog":"","location":null,"email":null,"hireable":null,"bio":null,"twitter_username":null,"notification_email":null,"public_repos":54,"public_gists":0,"followers":11,"following":13,"created_at":"2017-09-25T15:40:41Z","updated_at":"2025-12-19T10:26:18Z","private_gists":0,"total_private_repos":1,"owned_private_repos":1,"disk_usage":232110,"collaborators":0,"two_factor_authentication":true,"plan":{"name":"free","space":976562499,"collaborators":0,"private_repos":10000}}
[info] 
[info] ✔  Success! Logged into GitHub as antonymwakiacha 
[info] 
